<?xml version="1.0" encoding="UTF-8"?>
<testsuite name="TreeTest" tests="1" skipped="0" failures="0" errors="0" timestamp="2022-05-30T12:39:33" hostname="KOMPUTER" time="0.015">
  <properties/>
  <testcase name="main()" classname="TreeTest" time="0.015"/>
  <system-out><![CDATA[]]></system-out>
  <system-err><![CDATA[]]></system-err>
</testsuite>
